Using pre-set license
Built from '2022.3/china_unity/release' branch; Version is '2022.3.43f1c1 (7a2282349f6f) revision 8004226'; Using compiler version '192829333'; Build Type 'Release'
OS: 'Windows 11  (10.0.22631) 64bit Professional' Language: 'zh' Physical Memory: 14188 MB
BatchMode: 1, IsHumanControllingUs: 0, StartBugReporterOnCrash: 0, Is64bit: 1, IsPro: 1

COMMAND LINE ARGUMENTS:
C:\qitaruanjian\unity\2022.3.43f1c1\Editor\Unity.exe
-adb2
-batchMode
-noUpm
-name
AssetImportWorker1
-projectPath
F:/Unity/Demo1/PlantVSZombies
-logFile
Logs/AssetImportWorker1.log
-srvPort
65026
Successfully changed project path to: F:/Unity/Demo1/PlantVSZombies
F:/Unity/Demo1/PlantVSZombies
[UnityMemory] Configuration Parameters - Can be set up in boot.config
    "memorysetup-bucket-allocator-granularity=16"
    "memorysetup-bucket-allocator-bucket-count=8"
    "memorysetup-bucket-allocator-block-size=33554432"
    "memorysetup-bucket-allocator-block-count=8"
    "memorysetup-main-allocator-block-size=16777216"
    "memorysetup-thread-allocator-block-size=16777216"
    "memorysetup-gfx-main-allocator-block-size=16777216"
    "memorysetup-gfx-thread-allocator-block-size=16777216"
    "memorysetup-cache-allocator-block-size=4194304"
    "memorysetup-typetree-allocator-block-size=2097152"
    "memorysetup-profiler-bucket-allocator-granularity=16"
    "memorysetup-profiler-bucket-allocator-bucket-count=8"
    "memorysetup-profiler-bucket-allocator-block-size=33554432"
    "memorysetup-profiler-bucket-allocator-block-count=8"
    "memorysetup-profiler-allocator-block-size=16777216"
    "memorysetup-profiler-editor-allocator-block-size=1048576"
    "memorysetup-temp-allocator-size-main=16777216"
    "memorysetup-job-temp-allocator-block-size=2097152"
    "memorysetup-job-temp-allocator-block-size-background=1048576"
    "memorysetup-job-temp-allocator-reduction-small-platforms=262144"
    "memorysetup-allocator-temp-initial-block-size-main=262144"
    "memorysetup-allocator-temp-initial-block-size-worker=262144"
    "memorysetup-temp-allocator-size-background-worker=32768"
    "memorysetup-temp-allocator-size-job-worker=262144"
    "memorysetup-temp-allocator-size-preload-manager=33554432"
    "memorysetup-temp-allocator-size-nav-mesh-worker=65536"
    "memorysetup-temp-allocator-size-audio-worker=65536"
    "memorysetup-temp-allocator-size-cloud-worker=32768"
    "memorysetup-temp-allocator-size-gi-baking-worker=262144"
    "memorysetup-temp-allocator-size-gfx=262144"
Player connection [24812]  Target information:

Player connection [24812]  * "[IP] 192.168.113.1 [Port] 0 [Flags] 2 [Guid] 2866379463 [EditorId] 2866379463 [Version] 1048832 [Id] WindowsEditor(7,落雪织星) [Debug] 1 [PackageName] WindowsEditor [ProjectName] Editor" 

Player connection [24812]  * "[IP] 192.168.149.1 [Port] 0 [Flags] 2 [Guid] 2866379463 [EditorId] 2866379463 [Version] 1048832 [Id] WindowsEditor(7,落雪织星) [Debug] 1 [PackageName] WindowsEditor [ProjectName] Editor" 

Player connection [24812]  * "[IP] 10.0.236.10 [Port] 0 [Flags] 2 [Guid] 2866379463 [EditorId] 2866379463 [Version] 1048832 [Id] WindowsEditor(7,落雪织星) [Debug] 1 [PackageName] WindowsEditor [ProjectName] Editor" 

Player connection [24812]  * "[IP] 10.10.18.163 [Port] 0 [Flags] 2 [Guid] 2866379463 [EditorId] 2866379463 [Version] 1048832 [Id] WindowsEditor(7,落雪织星) [Debug] 1 [PackageName] WindowsEditor [ProjectName] Editor" 

Player connection [24812] Host joined multi-casting on [225.0.0.222:54997]...
Player connection [24812] Host joined alternative multi-casting on [225.0.0.222:34997]...
[PhysX] Initialized MultithreadedTaskDispatcher with 16 workers.
Refreshing native plugins compatible for Editor in 47.39 ms, found 4 plugins.
Preloading 0 native plugins for Editor in 0.00 ms.
Initialize engine version: 2022.3.43f1c1 (7a2282349f6f)
[Subsystems] Discovering subsystems at path C:/qitaruanjian/unity/2022.3.43f1c1/Editor/Data/Resources/UnitySubsystems
[Subsystems] Discovering subsystems at path F:/Unity/Demo1/PlantVSZombies/Assets
GfxDevice: creating device client; threaded=0; jobified=0
Direct3D:
    Version:  Direct3D 11.0 [level 11.1]
    Renderer: NVIDIA GeForce RTX 3060 Laptop GPU (ID=0x2560)
    Vendor:   NVIDIA
    VRAM:     5996 MB
    Driver:   32.0.15.6590
Initialize mono
Mono path[0] = 'C:/qitaruanjian/unity/2022.3.43f1c1/Editor/Data/Managed'
Mono path[1] = 'C:/qitaruanjian/unity/2022.3.43f1c1/Editor/Data/MonoBleedingEdge/lib/mono/unityjit-win32'
Mono config path = 'C:/qitaruanjian/unity/2022.3.43f1c1/Editor/Data/MonoBleedingEdge/etc'
Using monoOptions --debugger-agent=transport=dt_socket,embedding=1,server=y,suspend=n,address=127.0.0.1:56540
Begin MonoManager ReloadAssembly
Registering precompiled unity dll's ...
Register platform support module: C:/qitaruanjian/unity/2022.3.43f1c1/Editor/Data/PlaybackEngines/AndroidPlayer/UnityEditor.Android.Extensions.dll
Register platform support module: C:/qitaruanjian/unity/2022.3.43f1c1/Editor/Data/PlaybackEngines/iOSSupport/UnityEditor.iOS.Extensions.dll
Register platform support module: C:/qitaruanjian/unity/2022.3.43f1c1/Editor/Data/PlaybackEngines/WindowsStandaloneSupport/UnityEditor.WindowsStandalone.Extensions.dll
Registered in 0.042383 seconds.
- Loaded All Assemblies, in  0.579 seconds
Native extension for WindowsStandalone target not found
[usbmuxd] Start listen thread
[usbmuxd] Listen thread started
Native extension for iOS target not found
Native extension for Android target not found
Android Extension - Scanning For ADB Devices 476 ms
Mono: successfully reloaded assembly
- Finished resetting the current domain, in  0.827 seconds
Domain Reload Profiling: 1384ms
	BeginReloadAssembly (199ms)
		ExecutionOrderSort (0ms)
		DisableScriptedObjects (0ms)
		BackupInstance (0ms)
		ReleaseScriptingObjects (0ms)
		CreateAndSetChildDomain (1ms)
	RebuildCommonClasses (40ms)
	RebuildNativeTypeToScriptingClass (8ms)
	initialDomainReloadingComplete (143ms)
	LoadAllAssembliesAndSetupDomain (166ms)
		LoadAssemblies (182ms)
		RebuildTransferFunctionScriptingTraits (0ms)
		AnalyzeDomain (162ms)
			TypeCache.Refresh (160ms)
				TypeCache.ScanAssembly (146ms)
			ScanForSourceGeneratedMonoScriptInfo (0ms)
			ResolveRequiredComponents (1ms)
	FinalizeReload (828ms)
		ReleaseScriptCaches (0ms)
		RebuildScriptCaches (0ms)
		SetupLoadedEditorAssemblies (784ms)
			LogAssemblyErrors (0ms)
			InitializePlatformSupportModulesInManaged (598ms)
			SetLoadedEditorAssemblies (4ms)
			RefreshPlugins (0ms)
			BeforeProcessingInitializeOnLoad (2ms)
			ProcessInitializeOnLoadAttributes (125ms)
			ProcessInitializeOnLoadMethodAttributes (54ms)
			AfterProcessingInitializeOnLoad (0ms)
			EditorAssembliesLoaded (0ms)
		ExecutionOrderSort2 (0ms)
		AwakeInstancesAfterBackupRestoration (0ms)
========================================================================
Worker process is ready to serve import requests
Caller must complete domain reload
Begin MonoManager ReloadAssembly
- Loaded All Assemblies, in  1.016 seconds
Native extension for WindowsStandalone target not found
Native extension for iOS target not found
Native extension for Android target not found
Package Manager log level set to [2]
[Package Manager] Server::EnsureServerProcessIsRunning -- launch failed, reason: Unity was launched with the -noUpm command-line argument
[Package Manager] UpmClient::Send -- Unable to send message (not connected to UPM process).
[Package Manager] Cannot connect to Unity Package Manager local server
Mono: successfully reloaded assembly
- Finished resetting the current domain, in  0.737 seconds
Domain Reload Profiling: 1722ms
	BeginReloadAssembly (220ms)
		ExecutionOrderSort (0ms)
		DisableScriptedObjects (5ms)
		BackupInstance (0ms)
		ReleaseScriptingObjects (0ms)
		CreateAndSetChildDomain (24ms)
	RebuildCommonClasses (38ms)
	RebuildNativeTypeToScriptingClass (8ms)
	initialDomainReloadingComplete (80ms)
	LoadAllAssembliesAndSetupDomain (639ms)
		LoadAssemblies (588ms)
		RebuildTransferFunctionScriptingTraits (0ms)
		AnalyzeDomain (193ms)
			TypeCache.Refresh (167ms)
				TypeCache.ScanAssembly (146ms)
			ScanForSourceGeneratedMonoScriptInfo (20ms)
			ResolveRequiredComponents (5ms)
	FinalizeReload (737ms)
		ReleaseScriptCaches (0ms)
		RebuildScriptCaches (0ms)
		SetupLoadedEditorAssemblies (571ms)
			LogAssemblyErrors (0ms)
			InitializePlatformSupportModulesInManaged (55ms)
			SetLoadedEditorAssemblies (3ms)
			RefreshPlugins (0ms)
			BeforeProcessingInitializeOnLoad (93ms)
			ProcessInitializeOnLoadAttributes (347ms)
			ProcessInitializeOnLoadMethodAttributes (40ms)
			AfterProcessingInitializeOnLoad (34ms)
			EditorAssembliesLoaded (0ms)
		ExecutionOrderSort2 (0ms)
		AwakeInstancesAfterBackupRestoration (10ms)
Launched and connected shader compiler UnityShaderCompiler.exe after 0.07 seconds
Refreshing native plugins compatible for Editor in 17.40 ms, found 4 plugins.
Preloading 0 native plugins for Editor in 0.00 ms.
Unloading 4027 Unused Serialized files (Serialized files now loaded: 0)
Unloading 38 unused Assets / (241.3 KB). Loaded Objects now: 4493.
Memory consumption went from 141.0 MB to 140.8 MB.
Total: 3.996100 ms (FindLiveObjects: 0.278300 ms CreateObjectMapping: 0.238900 ms MarkObjects: 3.251800 ms  DeleteObjects: 0.225700 ms)

AssetImportParameters requested are different than current active one (requested -> active):
  custom:container-demuxer-ogg: 62fdf1f143b41e24485cea50d1cbac27 -> 
  custom:video-codec-MediaFoundation-h265: 746d11721c4dcdbdad8f713fa42b33f4 -> 
  custom:video-decoder-ogg-theora: a1e56fd34408186e4bbccfd4996cb3dc -> 
  custom:framework-win-MediaFoundation: 216162199b28c13a410421893ffa2e32 -> 
  custom:CustomObjectIndexerAttribute: 9a22284fe3817be447336de3de66b15e -> 
  custom:container-demuxer-webm: 4f35f7cbe854078d1ac9338744f61a02 -> 
  custom:container-muxer-webm: aa71ff27fc2769a1b78a27578f13a17b -> 
  custom:video-decoder-webm-vp8: 9c59270c3fd7afecdb556c50c9e8de78 -> 
  custom:SearchIndexIgnoredProperties: e643bd26f0fe6173181afceb89e7c659 -> 
  custom:AudioImporter_EditorPlatform: d09bf68614088b80899f8185d706f6e7 -> 
  custom:video-encoder-webm-vp8: eb34c28f22e8b96e1ab97ce403110664 -> 
  custom:audio-decoder-ogg-vorbis: bf7c407c2cedff20999df2af8eb42d56 -> 
  custom:audio-encoder-webm-vorbis: bf7c407c2cedff20999df2af8eb42d56 -> 
========================================================================
Received Import Request.
  Time since last request: 26608.374623 seconds.
  path: Assets/Images/Card/card_squash.png
  artifactKey: Guid(9f526b9a97e2b8844b5b071a5ae67cc1) Importer(815301076,1909f56bfc062723c751e8b465ee728b)
Start importing Assets/Images/Card/card_squash.png using Guid(9f526b9a97e2b8844b5b071a5ae67cc1) Importer(815301076,1909f56bfc062723c751e8b465ee728b) [PhysX] Initialized MultithreadedTaskDispatcher with 16 workers.
[PhysX] Initialized MultithreadedTaskDispatcher with 16 workers.
 -> (artifact id: '07e8e8beb3f8cf099177e74b5957920f') in 0.107926 seconds
Number of updated asset objects reloaded before import = 0
Number of asset objects unloaded after import = 3
========================================================================
Received Import Request.
  Time since last request: 0.000037 seconds.
  path: Assets/Images/Zombies/BucketheadZombie/BucketheadZombieAttack_8.png
  artifactKey: Guid(a48c1edad0baf99458877445754d62e3) Importer(815301076,1909f56bfc062723c751e8b465ee728b)
Start importing Assets/Images/Zombies/BucketheadZombie/BucketheadZombieAttack_8.png using Guid(a48c1edad0baf99458877445754d62e3) Importer(815301076,1909f56bfc062723c751e8b465ee728b) [PhysX] Initialized MultithreadedTaskDispatcher with 16 workers.
[PhysX] Initialized MultithreadedTaskDispatcher with 16 workers.
 -> (artifact id: 'fe6c84d3a0f865b35f6fcd5bb25956b1') in 0.030387 seconds
Number of updated asset objects reloaded before import = 0
Number of asset objects unloaded after import = 3
========================================================================
Received Import Request.
  Time since last request: 0.000018 seconds.
  path: Assets/Images/UI/APPROACHING.png
  artifactKey: Guid(5660e212d6a478e4788cd517b4de08d4) Importer(815301076,1909f56bfc062723c751e8b465ee728b)
Start importing Assets/Images/UI/APPROACHING.png using Guid(5660e212d6a478e4788cd517b4de08d4) Importer(815301076,1909f56bfc062723c751e8b465ee728b) [PhysX] Initialized MultithreadedTaskDispatcher with 16 workers.
[PhysX] Initialized MultithreadedTaskDispatcher with 16 workers.
 -> (artifact id: 'faedcaf5dfac1a1eb47ed31572d23d48') in 0.028351 seconds
Number of updated asset objects reloaded before import = 0
Number of asset objects unloaded after import = 3
========================================================================
Received Import Request.
  Time since last request: 0.000027 seconds.
  path: Assets/Images/Zombies/Zombie/Borm/BoomDie_6.png
  artifactKey: Guid(788a8298ffe7ec1408a89517563c353f) Importer(815301076,1909f56bfc062723c751e8b465ee728b)
Start importing Assets/Images/Zombies/Zombie/Borm/BoomDie_6.png using Guid(788a8298ffe7ec1408a89517563c353f) Importer(815301076,1909f56bfc062723c751e8b465ee728b) [PhysX] Initialized MultithreadedTaskDispatcher with 16 workers.
[PhysX] Initialized MultithreadedTaskDispatcher with 16 workers.
 -> (artifact id: '4c2adc709604961dcfeaf6f1e1b181b2') in 0.026844 seconds
Number of updated asset objects reloaded before import = 0
Number of asset objects unloaded after import = 3
========================================================================
Received Import Request.
  Time since last request: 0.000023 seconds.
  path: Assets/Images/Zombies/BucketheadZombie/BucketheadZombie_3.png
  artifactKey: Guid(348f56c4843bf9e4fa415a1fdcaf7e75) Importer(815301076,1909f56bfc062723c751e8b465ee728b)
Start importing Assets/Images/Zombies/BucketheadZombie/BucketheadZombie_3.png using Guid(348f56c4843bf9e4fa415a1fdcaf7e75) Importer(815301076,1909f56bfc062723c751e8b465ee728b) [PhysX] Initialized MultithreadedTaskDispatcher with 16 workers.
[PhysX] Initialized MultithreadedTaskDispatcher with 16 workers.
 -> (artifact id: 'f80ba8251c5d55058c1eadb62546337e') in 0.029112 seconds
Number of updated asset objects reloaded before import = 0
Number of asset objects unloaded after import = 3
========================================================================
Received Import Request.
  Time since last request: 0.000030 seconds.
  path: Assets/Images/Zombies/Zombie/Borm/BoomDie_16.png
  artifactKey: Guid(24561643c546f8747a2a014e7d7c97da) Importer(815301076,1909f56bfc062723c751e8b465ee728b)
Start importing Assets/Images/Zombies/Zombie/Borm/BoomDie_16.png using Guid(24561643c546f8747a2a014e7d7c97da) Importer(815301076,1909f56bfc062723c751e8b465ee728b) [PhysX] Initialized MultithreadedTaskDispatcher with 16 workers.
[PhysX] Initialized MultithreadedTaskDispatcher with 16 workers.
 -> (artifact id: 'cc0ca1322134bc0fb736498ed54dabd7') in 0.027624 seconds
Number of updated asset objects reloaded before import = 0
Number of asset objects unloaded after import = 3
========================================================================
Received Import Request.
  Time since last request: 0.000029 seconds.
  path: Assets/Images/Card/card_snowpea2.png
  artifactKey: Guid(51d02a3a650d35a41a0f09312654affd) Importer(815301076,1909f56bfc062723c751e8b465ee728b)
Start importing Assets/Images/Card/card_snowpea2.png using Guid(51d02a3a650d35a41a0f09312654affd) Importer(815301076,1909f56bfc062723c751e8b465ee728b) [PhysX] Initialized MultithreadedTaskDispatcher with 16 workers.
[PhysX] Initialized MultithreadedTaskDispatcher with 16 workers.
 -> (artifact id: '575d1c4d4f697acf6aa41c52f9e81e16') in 0.025432 seconds
Number of updated asset objects reloaded before import = 0
Number of asset objects unloaded after import = 3
========================================================================
Received Import Request.
  Time since last request: 0.000022 seconds.
  path: Assets/Images/Zombies/Zombie/Borm/BoomDie_17.png
  artifactKey: Guid(ae2420a0bd6197c41a00e2704b2fea0d) Importer(815301076,1909f56bfc062723c751e8b465ee728b)
Start importing Assets/Images/Zombies/Zombie/Borm/BoomDie_17.png using Guid(ae2420a0bd6197c41a00e2704b2fea0d) Importer(815301076,1909f56bfc062723c751e8b465ee728b) [PhysX] Initialized MultithreadedTaskDispatcher with 16 workers.
[PhysX] Initialized MultithreadedTaskDispatcher with 16 workers.
 -> (artifact id: 'f88a9b6afa1bdf41c00cf80b5017a307') in 0.024919 seconds
Number of updated asset objects reloaded before import = 0
Number of asset objects unloaded after import = 3
========================================================================
Received Import Request.
  Time since last request: 0.000023 seconds.
  path: Assets/Images/Zombies/BucketheadZombie/BucketheadZombieAttack_9.png
  artifactKey: Guid(dbb8ac96bf866d4498fc411a756e1cc9) Importer(815301076,1909f56bfc062723c751e8b465ee728b)
Start importing Assets/Images/Zombies/BucketheadZombie/BucketheadZombieAttack_9.png using Guid(dbb8ac96bf866d4498fc411a756e1cc9) Importer(815301076,1909f56bfc062723c751e8b465ee728b) [PhysX] Initialized MultithreadedTaskDispatcher with 16 workers.
[PhysX] Initialized MultithreadedTaskDispatcher with 16 workers.
 -> (artifact id: '7d8ac2cd3a0d3833391f8ee3b4136840') in 0.027186 seconds
Number of updated asset objects reloaded before import = 0
Number of asset objects unloaded after import = 3
========================================================================
Received Import Request.
  Time since last request: 0.000029 seconds.
  path: Assets/Images/UI/Button1.png
  artifactKey: Guid(6dcae497a4b16e04eb59769b9d6dfa62) Importer(815301076,1909f56bfc062723c751e8b465ee728b)
Start importing Assets/Images/UI/Button1.png using Guid(6dcae497a4b16e04eb59769b9d6dfa62) Importer(815301076,1909f56bfc062723c751e8b465ee728b) [PhysX] Initialized MultithreadedTaskDispatcher with 16 workers.
[PhysX] Initialized MultithreadedTaskDispatcher with 16 workers.
 -> (artifact id: '08c6466136d4054cfea7c1317300b820') in 0.028825 seconds
Number of updated asset objects reloaded before import = 0
Number of asset objects unloaded after import = 3
========================================================================
Received Import Request.
  Time since last request: 0.000031 seconds.
  path: Assets/Images/Zombies/BucketheadZombie/BucketheadZombie_13.png
  artifactKey: Guid(e83075358f65c9e4bb895e87166fc2fd) Importer(815301076,1909f56bfc062723c751e8b465ee728b)
Start importing Assets/Images/Zombies/BucketheadZombie/BucketheadZombie_13.png using Guid(e83075358f65c9e4bb895e87166fc2fd) Importer(815301076,1909f56bfc062723c751e8b465ee728b) [PhysX] Initialized MultithreadedTaskDispatcher with 16 workers.
[PhysX] Initialized MultithreadedTaskDispatcher with 16 workers.
 -> (artifact id: '72377467ecb8491ca3b3a1fc84b76e2b') in 0.025033 seconds
Number of updated asset objects reloaded before import = 0
Number of asset objects unloaded after import = 3
========================================================================
Received Import Request.
  Time since last request: 0.000025 seconds.
  path: Assets/Images/Card/card_squash2.png
  artifactKey: Guid(d1ed6a0273f53764db2f82a2882c9985) Importer(815301076,1909f56bfc062723c751e8b465ee728b)
Start importing Assets/Images/Card/card_squash2.png using Guid(d1ed6a0273f53764db2f82a2882c9985) Importer(815301076,1909f56bfc062723c751e8b465ee728b) [PhysX] Initialized MultithreadedTaskDispatcher with 16 workers.
[PhysX] Initialized MultithreadedTaskDispatcher with 16 workers.
 -> (artifact id: 'd9d3b97f78e73c5bc415da821cea2b56') in 0.022769 seconds
Number of updated asset objects reloaded before import = 0
Number of asset objects unloaded after import = 3
========================================================================
Received Import Request.
  Time since last request: 0.000025 seconds.
  path: Assets/Images/Zombies/BucketheadZombie/BucketheadZombieAttack_3.png
  artifactKey: Guid(f35c2d8b6596649498e6baf5d9adcacf) Importer(815301076,1909f56bfc062723c751e8b465ee728b)
Start importing Assets/Images/Zombies/BucketheadZombie/BucketheadZombieAttack_3.png using Guid(f35c2d8b6596649498e6baf5d9adcacf) Importer(815301076,1909f56bfc062723c751e8b465ee728b) [PhysX] Initialized MultithreadedTaskDispatcher with 16 workers.
[PhysX] Initialized MultithreadedTaskDispatcher with 16 workers.
 -> (artifact id: 'f6e3ce2528f8265d352c3eaec9dd3f1a') in 0.024242 seconds
Number of updated asset objects reloaded before import = 0
Number of asset objects unloaded after import = 3
========================================================================
Received Import Request.
  Time since last request: 0.000026 seconds.
  path: Assets/Images/Zombies/Zombie/Borm/BoomDie_14.png
  artifactKey: Guid(90d865077a491614cb9d046f8fb5bddb) Importer(815301076,1909f56bfc062723c751e8b465ee728b)
Start importing Assets/Images/Zombies/Zombie/Borm/BoomDie_14.png using Guid(90d865077a491614cb9d046f8fb5bddb) Importer(815301076,1909f56bfc062723c751e8b465ee728b) [PhysX] Initialized MultithreadedTaskDispatcher with 16 workers.
[PhysX] Initialized MultithreadedTaskDispatcher with 16 workers.
 -> (artifact id: 'db68d1bfc388e1b358e90c3e351fa587') in 0.023405 seconds
Number of updated asset objects reloaded before import = 0
Number of asset objects unloaded after import = 3
========================================================================
Received Import Request.
  Time since last request: 0.000026 seconds.
  path: Assets/Images/Zombies/BucketheadZombie/BucketheadZombie_14.png
  artifactKey: Guid(e9ccbddf12f558744aa520893949f3af) Importer(815301076,1909f56bfc062723c751e8b465ee728b)
Start importing Assets/Images/Zombies/BucketheadZombie/BucketheadZombie_14.png using Guid(e9ccbddf12f558744aa520893949f3af) Importer(815301076,1909f56bfc062723c751e8b465ee728b) [PhysX] Initialized MultithreadedTaskDispatcher with 16 workers.
[PhysX] Initialized MultithreadedTaskDispatcher with 16 workers.
 -> (artifact id: 'bb0baf502aa103af8e4e1c721d53fd32') in 0.024433 seconds
Number of updated asset objects reloaded before import = 0
Number of asset objects unloaded after import = 3
========================================================================
Received Import Request.
  Time since last request: 0.000022 seconds.
  path: Assets/Images/Card/card_jalapeno.png
  artifactKey: Guid(f7ee9fdb6beea914b94c77c3e67d05ab) Importer(815301076,1909f56bfc062723c751e8b465ee728b)
Start importing Assets/Images/Card/card_jalapeno.png using Guid(f7ee9fdb6beea914b94c77c3e67d05ab) Importer(815301076,1909f56bfc062723c751e8b465ee728b) [PhysX] Initialized MultithreadedTaskDispatcher with 16 workers.
[PhysX] Initialized MultithreadedTaskDispatcher with 16 workers.
 -> (artifact id: 'f82e0c4e57b4cda1195cd01f76841d60') in 0.022128 seconds
Number of updated asset objects reloaded before import = 0
Number of asset objects unloaded after import = 3
========================================================================
Received Import Request.
  Time since last request: 0.000024 seconds.
  path: Assets/Images/Card/card_sunflower.png
  artifactKey: Guid(1ab9677e36f73de469ed34e6f9087422) Importer(815301076,1909f56bfc062723c751e8b465ee728b)
Start importing Assets/Images/Card/card_sunflower.png using Guid(1ab9677e36f73de469ed34e6f9087422) Importer(815301076,1909f56bfc062723c751e8b465ee728b) [PhysX] Initialized MultithreadedTaskDispatcher with 16 workers.
[PhysX] Initialized MultithreadedTaskDispatcher with 16 workers.
 -> (artifact id: '510711a72f54f8effbccfb07fb0a09a9') in 0.020637 seconds
Number of updated asset objects reloaded before import = 0
Number of asset objects unloaded after import = 3
========================================================================
Received Import Request.
  Time since last request: 0.000024 seconds.
  path: Assets/Images/UI/btn_survival.png
  artifactKey: Guid(6e7d648360d70e94b8ff7dbd296b44df) Importer(815301076,1909f56bfc062723c751e8b465ee728b)
Start importing Assets/Images/UI/btn_survival.png using Guid(6e7d648360d70e94b8ff7dbd296b44df) Importer(815301076,1909f56bfc062723c751e8b465ee728b) [PhysX] Initialized MultithreadedTaskDispatcher with 16 workers.
[PhysX] Initialized MultithreadedTaskDispatcher with 16 workers.
 -> (artifact id: '815ab81a282406ece33e605da6dcb62a') in 0.020223 seconds
Number of updated asset objects reloaded before import = 0
Number of asset objects unloaded after import = 3
========================================================================
Received Import Request.
  Time since last request: 0.000061 seconds.
  path: Assets/Images/Card/card_jalapeno2.png
  artifactKey: Guid(5fbbec73fec1d594db8978c5aa06738f) Importer(815301076,1909f56bfc062723c751e8b465ee728b)
Start importing Assets/Images/Card/card_jalapeno2.png using Guid(5fbbec73fec1d594db8978c5aa06738f) Importer(815301076,1909f56bfc062723c751e8b465ee728b) [PhysX] Initialized MultithreadedTaskDispatcher with 16 workers.
[PhysX] Initialized MultithreadedTaskDispatcher with 16 workers.
 -> (artifact id: '3566205959a801e6443ed04a8b3fedec') in 0.022682 seconds
Number of updated asset objects reloaded before import = 0
Number of asset objects unloaded after import = 3
========================================================================
Received Import Request.
  Time since last request: 0.000033 seconds.
  path: Assets/Images/UI/blackBackground.jpeg
  artifactKey: Guid(967ff1af9225d294a9e1cc8c18eaf763) Importer(815301076,1909f56bfc062723c751e8b465ee728b)
Start importing Assets/Images/UI/blackBackground.jpeg using Guid(967ff1af9225d294a9e1cc8c18eaf763) Importer(815301076,1909f56bfc062723c751e8b465ee728b) [PhysX] Initialized MultithreadedTaskDispatcher with 16 workers.
[PhysX] Initialized MultithreadedTaskDispatcher with 16 workers.
 -> (artifact id: '0b091a3bc405044ef8bf87f833a06b24') in 0.035703 seconds
Number of updated asset objects reloaded before import = 0
Number of asset objects unloaded after import = 3
========================================================================
Received Import Request.
  Time since last request: 0.000041 seconds.
  path: Assets/Images/Effect/brain.png
  artifactKey: Guid(2b94608a453c8d1419f0480db885ad4e) Importer(815301076,1909f56bfc062723c751e8b465ee728b)
Start importing Assets/Images/Effect/brain.png using Guid(2b94608a453c8d1419f0480db885ad4e) Importer(815301076,1909f56bfc062723c751e8b465ee728b) [PhysX] Initialized MultithreadedTaskDispatcher with 16 workers.
[PhysX] Initialized MultithreadedTaskDispatcher with 16 workers.
 -> (artifact id: '9bcf4ab343af5c887a74d4b40b73afec') in 0.028795 seconds
Number of updated asset objects reloaded before import = 0
Number of asset objects unloaded after import = 3
========================================================================
Received Import Request.
  Time since last request: 0.000026 seconds.
  path: Assets/Images/Effect/Boom.png
  artifactKey: Guid(23e1202a67d0dd04e96b50ecc6940f8c) Importer(815301076,1909f56bfc062723c751e8b465ee728b)
Start importing Assets/Images/Effect/Boom.png using Guid(23e1202a67d0dd04e96b50ecc6940f8c) Importer(815301076,1909f56bfc062723c751e8b465ee728b) [PhysX] Initialized MultithreadedTaskDispatcher with 16 workers.
[PhysX] Initialized MultithreadedTaskDispatcher with 16 workers.
 -> (artifact id: '7431650f7089f2eb8411df89ca4dd314') in 0.031644 seconds
Number of updated asset objects reloaded before import = 0
Number of asset objects unloaded after import = 3
========================================================================
Received Import Request.
  Time since last request: 0.000031 seconds.
  path: Assets/Images/Zombies/Zombie/Borm/BoomDie_9.png
  artifactKey: Guid(05c751b4a7869e144a9d26021a748334) Importer(815301076,1909f56bfc062723c751e8b465ee728b)
Start importing Assets/Images/Zombies/Zombie/Borm/BoomDie_9.png using Guid(05c751b4a7869e144a9d26021a748334) Importer(815301076,1909f56bfc062723c751e8b465ee728b) [PhysX] Initialized MultithreadedTaskDispatcher with 16 workers.
[PhysX] Initialized MultithreadedTaskDispatcher with 16 workers.
 -> (artifact id: '60d147cefd3a85ba84845a7801cca112') in 0.025321 seconds
Number of updated asset objects reloaded before import = 0
Number of asset objects unloaded after import = 3
========================================================================
Received Import Request.
  Time since last request: 0.000048 seconds.
  path: Assets/Images/Zombies/Zombie/Borm/BoomDie_12.png
  artifactKey: Guid(ba027e1c967d1084f98db222be2da7e1) Importer(815301076,1909f56bfc062723c751e8b465ee728b)
Start importing Assets/Images/Zombies/Zombie/Borm/BoomDie_12.png using Guid(ba027e1c967d1084f98db222be2da7e1) Importer(815301076,1909f56bfc062723c751e8b465ee728b) [PhysX] Initialized MultithreadedTaskDispatcher with 16 workers.
[PhysX] Initialized MultithreadedTaskDispatcher with 16 workers.
 -> (artifact id: 'bf6b782f39be5cde251b2c3acc800228') in 0.024031 seconds
Number of updated asset objects reloaded before import = 0
Number of asset objects unloaded after import = 3
========================================================================
Received Import Request.
  Time since last request: 0.000023 seconds.
  path: Assets/Images/Zombies/Zombie/Borm/BoomDie_13.png
  artifactKey: Guid(433ecddfb3a3a02498497b4c96f91879) Importer(815301076,1909f56bfc062723c751e8b465ee728b)
Start importing Assets/Images/Zombies/Zombie/Borm/BoomDie_13.png using Guid(433ecddfb3a3a02498497b4c96f91879) Importer(815301076,1909f56bfc062723c751e8b465ee728b) [PhysX] Initialized MultithreadedTaskDispatcher with 16 workers.
[PhysX] Initialized MultithreadedTaskDispatcher with 16 workers.
 -> (artifact id: '0c35293cb05b694d058304dee6dcd93a') in 0.024008 seconds
Number of updated asset objects reloaded before import = 0
Number of asset objects unloaded after import = 3
========================================================================
Received Import Request.
  Time since last request: 0.000028 seconds.
  path: Assets/Images/Zombies/BucketheadZombie/BucketheadZombie_11.png
  artifactKey: Guid(3f953b80f5ffbdd4ea3c42c46a87db22) Importer(815301076,1909f56bfc062723c751e8b465ee728b)
Start importing Assets/Images/Zombies/BucketheadZombie/BucketheadZombie_11.png using Guid(3f953b80f5ffbdd4ea3c42c46a87db22) Importer(815301076,1909f56bfc062723c751e8b465ee728b) [PhysX] Initialized MultithreadedTaskDispatcher with 16 workers.
[PhysX] Initialized MultithreadedTaskDispatcher with 16 workers.
 -> (artifact id: '97bfaa9c597b77fa96b798febee8c536') in 0.024651 seconds
Number of updated asset objects reloaded before import = 0
Number of asset objects unloaded after import = 3
========================================================================
Received Import Request.
  Time since last request: 0.000031 seconds.
  path: Assets/Images/Zombies/BucketheadZombie/BucketheadZombieAttack_1.png
  artifactKey: Guid(ee624f84d360816429ea80f06ef46248) Importer(815301076,1909f56bfc062723c751e8b465ee728b)
Start importing Assets/Images/Zombies/BucketheadZombie/BucketheadZombieAttack_1.png using Guid(ee624f84d360816429ea80f06ef46248) Importer(815301076,1909f56bfc062723c751e8b465ee728b) [PhysX] Initialized MultithreadedTaskDispatcher with 16 workers.
[PhysX] Initialized MultithreadedTaskDispatcher with 16 workers.
 -> (artifact id: 'c73b5210267f5c36f585d94fb131ea8e') in 0.027123 seconds
Number of updated asset objects reloaded before import = 0
Number of asset objects unloaded after import = 3
========================================================================
Received Import Request.
  Time since last request: 0.000022 seconds.
  path: Assets/Images/Card/card_puffshroom2.png
  artifactKey: Guid(6f77b0f142416bd48aece35ed2f5f8a0) Importer(815301076,1909f56bfc062723c751e8b465ee728b)
Start importing Assets/Images/Card/card_puffshroom2.png using Guid(6f77b0f142416bd48aece35ed2f5f8a0) Importer(815301076,1909f56bfc062723c751e8b465ee728b) [PhysX] Initialized MultithreadedTaskDispatcher with 16 workers.
[PhysX] Initialized MultithreadedTaskDispatcher with 16 workers.
 -> (artifact id: '3e884c23df0a0f1917a14bae08b591d1') in 0.024899 seconds
Number of updated asset objects reloaded before import = 0
Number of asset objects unloaded after import = 3
========================================================================
Received Import Request.
  Time since last request: 0.605440 seconds.
  path: Assets/Images/Zombies/ConeheadZombie/ConeheadZombie_2.png
  artifactKey: Guid(9b03178b5843ba94eb16b1e5ddcdbe5c) Importer(815301076,1909f56bfc062723c751e8b465ee728b)
Start importing Assets/Images/Zombies/ConeheadZombie/ConeheadZombie_2.png using Guid(9b03178b5843ba94eb16b1e5ddcdbe5c) Importer(815301076,1909f56bfc062723c751e8b465ee728b) [PhysX] Initialized MultithreadedTaskDispatcher with 16 workers.
[PhysX] Initialized MultithreadedTaskDispatcher with 16 workers.
 -> (artifact id: '9e20dbaffca8a935b42f70cd7ec2dbd4') in 0.024319 seconds
Number of updated asset objects reloaded before import = 0
Number of asset objects unloaded after import = 3
========================================================================
Received Import Request.
  Time since last request: 0.000478 seconds.
  path: Assets/Images/Zombies/ConeheadZombie/ConeheadZombie_6.png
  artifactKey: Guid(2331b31120b1ecd4d80479c249a4af44) Importer(815301076,1909f56bfc062723c751e8b465ee728b)
Start importing Assets/Images/Zombies/ConeheadZombie/ConeheadZombie_6.png using Guid(2331b31120b1ecd4d80479c249a4af44) Importer(815301076,1909f56bfc062723c751e8b465ee728b) [PhysX] Initialized MultithreadedTaskDispatcher with 16 workers.
[PhysX] Initialized MultithreadedTaskDispatcher with 16 workers.
 -> (artifact id: 'b1f1dc007849e5150bfad4aed7f88593') in 0.021167 seconds
Number of updated asset objects reloaded before import = 0
Number of asset objects unloaded after import = 3
========================================================================
Received Import Request.
  Time since last request: 0.003651 seconds.
  path: Assets/Images/Zombies/ConeheadZombie/ConeheadZombie_10.png
  artifactKey: Guid(8e9a900d0885af645bccb360fa56a37f) Importer(815301076,1909f56bfc062723c751e8b465ee728b)
Start importing Assets/Images/Zombies/ConeheadZombie/ConeheadZombie_10.png using Guid(8e9a900d0885af645bccb360fa56a37f) Importer(815301076,1909f56bfc062723c751e8b465ee728b) [PhysX] Initialized MultithreadedTaskDispatcher with 16 workers.
[PhysX] Initialized MultithreadedTaskDispatcher with 16 workers.
 -> (artifact id: '660d1828e8bd0c8f155421f69998f69a') in 0.022896 seconds
Number of updated asset objects reloaded before import = 0
Number of asset objects unloaded after import = 3
========================================================================
Received Import Request.
  Time since last request: 0.003160 seconds.
  path: Assets/Images/Zombies/ConeheadZombie/ConeheadZombie_14.png
  artifactKey: Guid(24500e35119f47f46927d34642001309) Importer(815301076,1909f56bfc062723c751e8b465ee728b)
Start importing Assets/Images/Zombies/ConeheadZombie/ConeheadZombie_14.png using Guid(24500e35119f47f46927d34642001309) Importer(815301076,1909f56bfc062723c751e8b465ee728b) [PhysX] Initialized MultithreadedTaskDispatcher with 16 workers.
[PhysX] Initialized MultithreadedTaskDispatcher with 16 workers.
 -> (artifact id: '20eaa06138d6bcdef12ec3276097f90c') in 0.026122 seconds
Number of updated asset objects reloaded before import = 0
Number of asset objects unloaded after import = 3
Editor requested this worker to shutdown with reason: Scaling down because of idle timeout
TcpMessagingSession - receive error: operation aborted. errorcode: 995, details: 由于线程退出或应用程序请求，已中止 I/O 操作。
AssetImportWorker is now disconnected from the server
Process exiting
Exiting without the bug reporter. Application will terminate with return code 0